[2021-08-21 14:38:04Z INFO HostContext] No proxy settings were found based on environmental variables (http_proxy/https_proxy/HTTP_PROXY/HTTPS_PROXY)
[2021-08-21 14:38:04Z INFO HostContext] Well known directory 'Bin': '/Users/higa-shigeto/moom/actions-runner/bin'
[2021-08-21 14:38:04Z INFO HostContext] Well known directory 'Root': '/Users/higa-shigeto/moom/actions-runner'
[2021-08-21 14:38:04Z INFO HostContext] Well known config file 'Credentials': '/Users/higa-shigeto/moom/actions-runner/.credentials'
[2021-08-21 14:38:04Z INFO Listener] Runner is built for OSX (X64) - osx-x64.
[2021-08-21 14:38:04Z INFO Listener] RuntimeInformation: Darwin 19.6.0 Darwin Kernel Version 19.6.0: Tue Jun 22 19:49:55 PDT 2021; root:xnu-6153.141.35~1/RELEASE_X86_64.
[2021-08-21 14:38:04Z INFO Listener] Version: 2.280.3
[2021-08-21 14:38:04Z INFO Listener] Commit: 409920e9f03bd38fe6e58807f069394993ce32e4
[2021-08-21 14:38:04Z INFO Listener] Culture: ja-JP
[2021-08-21 14:38:04Z INFO Listener] UI Culture: ja-JP
[2021-08-21 14:38:04Z INFO HostContext] Well known directory 'Bin': '/Users/higa-shigeto/moom/actions-runner/bin'
[2021-08-21 14:38:04Z INFO HostContext] Well known directory 'Root': '/Users/higa-shigeto/moom/actions-runner'
[2021-08-21 14:38:04Z INFO Listener] Validating directory permissions for: '/Users/higa-shigeto/moom/actions-runner'
[2021-08-21 14:38:04Z INFO CommandLineParser] Parse
[2021-08-21 14:38:04Z INFO CommandLineParser] Parsing 1 args
[2021-08-21 14:38:04Z INFO CommandLineParser] parsing argument
[2021-08-21 14:38:04Z INFO CommandLineParser] HasArgs: False
[2021-08-21 14:38:04Z INFO CommandLineParser] Adding Command: run
[2021-08-21 14:38:04Z INFO Listener] Arguments parsed
[2021-08-21 14:38:04Z INFO Runner] ExecuteCommand
[2021-08-21 14:38:04Z INFO ConfigurationStore] currentAssemblyLocation: /Users/higa-shigeto/moom/actions-runner/bin/Runner.Listener.dll
[2021-08-21 14:38:04Z INFO HostContext] Well known directory 'Bin': '/Users/higa-shigeto/moom/actions-runner/bin'
[2021-08-21 14:38:04Z INFO ConfigurationStore] binPath: /Users/higa-shigeto/moom/actions-runner/bin
[2021-08-21 14:38:04Z INFO HostContext] Well known directory 'Bin': '/Users/higa-shigeto/moom/actions-runner/bin'
[2021-08-21 14:38:04Z INFO HostContext] Well known directory 'Root': '/Users/higa-shigeto/moom/actions-runner'
[2021-08-21 14:38:04Z INFO ConfigurationStore] RootFolder: /Users/higa-shigeto/moom/actions-runner
[2021-08-21 14:38:04Z INFO HostContext] Well known directory 'Bin': '/Users/higa-shigeto/moom/actions-runner/bin'
[2021-08-21 14:38:04Z INFO HostContext] Well known directory 'Root': '/Users/higa-shigeto/moom/actions-runner'
[2021-08-21 14:38:04Z INFO HostContext] Well known config file 'Runner': '/Users/higa-shigeto/moom/actions-runner/.runner'
[2021-08-21 14:38:04Z INFO ConfigurationStore] ConfigFilePath: /Users/higa-shigeto/moom/actions-runner/.runner
[2021-08-21 14:38:04Z INFO HostContext] Well known directory 'Bin': '/Users/higa-shigeto/moom/actions-runner/bin'
[2021-08-21 14:38:04Z INFO HostContext] Well known directory 'Root': '/Users/higa-shigeto/moom/actions-runner'
[2021-08-21 14:38:04Z INFO HostContext] Well known config file 'Credentials': '/Users/higa-shigeto/moom/actions-runner/.credentials'
[2021-08-21 14:38:04Z INFO ConfigurationStore] CredFilePath: /Users/higa-shigeto/moom/actions-runner/.credentials
[2021-08-21 14:38:04Z INFO HostContext] Well known directory 'Bin': '/Users/higa-shigeto/moom/actions-runner/bin'
[2021-08-21 14:38:04Z INFO HostContext] Well known directory 'Root': '/Users/higa-shigeto/moom/actions-runner'
[2021-08-21 14:38:04Z INFO HostContext] Well known config file 'MigratedCredentials': '/Users/higa-shigeto/moom/actions-runner/.credentials_migrated'
[2021-08-21 14:38:04Z INFO ConfigurationStore] MigratedCredFilePath: /Users/higa-shigeto/moom/actions-runner/.credentials_migrated
[2021-08-21 14:38:04Z INFO HostContext] Well known directory 'Bin': '/Users/higa-shigeto/moom/actions-runner/bin'
[2021-08-21 14:38:04Z INFO HostContext] Well known directory 'Root': '/Users/higa-shigeto/moom/actions-runner'
[2021-08-21 14:38:04Z INFO HostContext] Well known config file 'Service': '/Users/higa-shigeto/moom/actions-runner/.service'
[2021-08-21 14:38:04Z INFO ConfigurationStore] ServiceConfigFilePath: /Users/higa-shigeto/moom/actions-runner/.service
[2021-08-21 14:38:04Z INFO CommandSettings] Flag 'help': 'False'
[2021-08-21 14:38:04Z INFO CommandSettings] Flag 'version': 'False'
[2021-08-21 14:38:04Z INFO CommandSettings] Flag 'commit': 'False'
[2021-08-21 14:38:04Z INFO CommandSettings] Flag 'check': 'False'
[2021-08-21 14:38:05Z INFO CommandSettings] Command 'configure': 'False'
[2021-08-21 14:38:05Z INFO CommandSettings] Command 'remove': 'False'
[2021-08-21 14:38:05Z INFO CommandSettings] Command 'warmup': 'False'
[2021-08-21 14:38:05Z INFO ConfigurationManager] LoadSettings
[2021-08-21 14:38:05Z INFO ConfigurationStore] IsConfigured()
[2021-08-21 14:38:05Z INFO ConfigurationStore] IsConfigured: True
[2021-08-21 14:38:05Z INFO ConfigurationManager] Is configured: True
[2021-08-21 14:38:05Z INFO ConfigurationStore] Read setting file: 289 chars
[2021-08-21 14:38:05Z INFO ConfigurationManager] Settings Loaded
[2021-08-21 14:38:05Z INFO ConfigurationStore] IsServiceConfigured()
[2021-08-21 14:38:05Z INFO ConfigurationStore] IsServiceConfigured: False
[2021-08-21 14:38:05Z INFO CommandSettings] Command 'run': 'True'
[2021-08-21 14:38:05Z INFO ConfigurationStore] IsConfigured()
[2021-08-21 14:38:05Z INFO ConfigurationStore] IsConfigured: True
[2021-08-21 14:38:05Z INFO ConfigurationManager] Is configured: True
[2021-08-21 14:38:05Z INFO Runner] Could not parse the argument value '' for StartupType. Defaulting to Manual
[2021-08-21 14:38:05Z INFO Runner] Set runner startup type - Manual
[2021-08-21 14:38:05Z INFO CommandSettings] Flag 'once': 'False'
[2021-08-21 14:38:05Z INFO Runner] RunAsync
[2021-08-21 14:38:05Z INFO ConfigurationManager] LoadSettings
[2021-08-21 14:38:05Z INFO ConfigurationStore] IsConfigured()
[2021-08-21 14:38:05Z INFO ConfigurationStore] IsConfigured: True
[2021-08-21 14:38:05Z INFO ConfigurationManager] Is configured: True
[2021-08-21 14:38:05Z INFO ConfigurationManager] Settings Loaded
[2021-08-21 14:38:05Z INFO MessageListener] {
  "AgentId": 2,
  "AgentName": "hikamoritonoMBP",
  "PoolId": 1,
  "PoolName": "Default",
  "ServerUrl": "https://pipelines.actions.githubusercontent.com/VUCSfsm6CpPOETvyGGetgliBHq3ojOk48dXujbqI8noT8MhRM2",
  "GitHubUrl": "https://github.com/higa-shigeto/moom",
  "WorkFolder": "_work"
}
[2021-08-21 14:38:05Z INFO MessageListener] Loading Credentials
[2021-08-21 14:38:05Z INFO ConfigurationStore] HasCredentials()
[2021-08-21 14:38:05Z INFO ConfigurationStore] stored True
[2021-08-21 14:38:05Z INFO CredentialManager] GetCredentialProvider
[2021-08-21 14:38:05Z INFO CredentialManager] Creating type OAuth
[2021-08-21 14:38:05Z INFO CredentialManager] Creating credential type: OAuth
[2021-08-21 14:38:05Z INFO HostContext] Well known directory 'Bin': '/Users/higa-shigeto/moom/actions-runner/bin'
[2021-08-21 14:38:05Z INFO HostContext] Well known directory 'Root': '/Users/higa-shigeto/moom/actions-runner'
[2021-08-21 14:38:05Z INFO HostContext] Well known config file 'RSACredentials': '/Users/higa-shigeto/moom/actions-runner/.credentials_rsaparams'
[2021-08-21 14:38:05Z INFO RSAFileKeyManager] Loading RSA key parameters from file /Users/higa-shigeto/moom/actions-runner/.credentials_rsaparams
[2021-08-21 14:38:05Z INFO MessageListener] Attempt to create session.
[2021-08-21 14:38:05Z INFO MessageListener] Connecting to the Runner Server...
[2021-08-21 14:38:05Z INFO RunnerServer] Establish connection with 100 seconds timeout.
[2021-08-21 14:38:05Z INFO GitHubActionsService] Starting operation Location.GetConnectionData
[2021-08-21 14:38:05Z INFO RunnerServer] Establish connection with 60 seconds timeout.
[2021-08-21 14:38:05Z INFO GitHubActionsService] Starting operation Location.GetConnectionData
[2021-08-21 14:38:05Z INFO RunnerServer] Establish connection with 60 seconds timeout.
[2021-08-21 14:38:05Z INFO GitHubActionsService] Starting operation Location.GetConnectionData
[2021-08-21 14:38:06Z INFO GitHubActionsService] Finished operation Location.GetConnectionData
[2021-08-21 14:38:06Z INFO GitHubActionsService] Finished operation Location.GetConnectionData
[2021-08-21 14:38:06Z INFO GitHubActionsService] Finished operation Location.GetConnectionData
[2021-08-21 14:38:06Z INFO MessageListener] VssConnection created
[2021-08-21 14:38:06Z INFO Terminal] WRITE LINE: 
[2021-08-21 14:38:06Z INFO Terminal] WRITE LINE: 
[2021-08-21 14:38:07Z WARN GitHubActionsService] Authentication failed with status code 401.
WWW-Authenticate: Bearer
Strict-Transport-Security: max-age=2592000
X-TFS-ProcessId: 3bbe1b8c-9058-4178-84b4-6da3610068f1
ActivityId: 4f5153bb-5a0c-49d1-8690-05df3b93e0af
X-TFS-Session: c6d7c349-d673-4ddc-b97c-02e9ca1fe1d3
X-VSS-E2EID: 51f91dc7-977e-4fd7-ac32-86f83485f17c
X-VSS-SenderDeploymentId: 1139089e-89fd-ce7a-6851-1ac6328a300e
X-TFS-ServiceError: The+user+%27System%3aPublicAccess%3baaaaaaaa-aaaa-aaaa-aaaa-aaaaaaaaaaaa%27+is+not+authorized+to+access+this+resource.
X-VSS-S2STargetService: 0000005A-0000-8888-8000-000000000000/visualstudio.com
X-Cache: CONFIG_NOCACHE
X-MSEdge-Ref: Ref A: 621282AFFA674D44B7121DAB0647BC61 Ref B: OSA30EDGE0515 Ref C: 2021-08-21T14:38:06Z
Date: Sat, 21 Aug 2021 14:38:06 GMT

[2021-08-21 14:38:07Z INFO RSAFileKeyManager] Loading RSA key parameters from file /Users/higa-shigeto/moom/actions-runner/.credentials_rsaparams
[2021-08-21 14:38:07Z INFO RSAFileKeyManager] Loading RSA key parameters from file /Users/higa-shigeto/moom/actions-runner/.credentials_rsaparams
[2021-08-21 14:38:08Z INFO GitHubActionsService] AAD Correlation ID for this token request: Unknown
[2021-08-21 14:38:09Z INFO MessageListener] Session created.
[2021-08-21 14:38:09Z INFO Terminal] WRITE LINE: 2021-08-21 14:38:09Z: Listening for Jobs
[2021-08-21 14:38:09Z INFO JobDispatcher] Set runner/worker IPC timeout to 30 seconds.
[2021-08-21 15:08:38Z INFO MessageListener] No message retrieved from session 'f88ee524-f763-48ca-a303-c632cdfbbc80' within last 30 minutes.
[2021-08-21 15:33:55Z WARN GitHubActionsService] Authentication failed with status code 401.
WWW-Authenticate: Bearer
Strict-Transport-Security: max-age=2592000
X-TFS-ProcessId: 3bbe1b8c-9058-4178-84b4-6da3610068f1
ActivityId: 4f43c191-5a0c-49d1-8690-05df3b93e0af
X-TFS-Session: c6d7c349-d673-4ddc-b97c-02e9ca1fe1d3
X-VSS-E2EID: 157d68c0-5914-47e0-9506-18b2d06bcc84
X-VSS-SenderDeploymentId: 1139089e-89fd-ce7a-6851-1ac6328a300e
X-TFS-ServiceError: The+user+%27System%3aPublicAccess%3baaaaaaaa-aaaa-aaaa-aaaa-aaaaaaaaaaaa%27+is+not+authorized+to+access+this+resource.
X-VSS-S2STargetService: 0000005A-0000-8888-8000-000000000000/visualstudio.com
X-Cache: CONFIG_NOCACHE
X-MSEdge-Ref: Ref A: 48767B924FD3454CAC14320AB7E6F3CB Ref B: OSA30EDGE0515 Ref C: 2021-08-21T15:33:55Z
Date: Sat, 21 Aug 2021 15:33:55 GMT

[2021-08-21 15:33:55Z INFO RSAFileKeyManager] Loading RSA key parameters from file /Users/higa-shigeto/moom/actions-runner/.credentials_rsaparams
[2021-08-21 15:33:57Z INFO GitHubActionsService] AAD Correlation ID for this token request: Unknown
[2021-08-21 15:38:59Z INFO MessageListener] No message retrieved from session 'f88ee524-f763-48ca-a303-c632cdfbbc80' within last 30 minutes.
[2021-08-21 16:09:27Z INFO MessageListener] No message retrieved from session 'f88ee524-f763-48ca-a303-c632cdfbbc80' within last 30 minutes.
[2021-08-21 16:29:43Z WARN GitHubActionsService] Authentication failed with status code 401.
WWW-Authenticate: Bearer
Strict-Transport-Security: max-age=2592000
X-TFS-ProcessId: 3bbe1b8c-9058-4178-84b4-6da3610068f1
ActivityId: 4f3d1101-5a0c-49d1-8690-05df3b93e0af
X-TFS-Session: c6d7c349-d673-4ddc-b97c-02e9ca1fe1d3
X-VSS-E2EID: a7ff233e-830d-43ab-acc2-c7d3fbf5d5c1
X-VSS-SenderDeploymentId: 1139089e-89fd-ce7a-6851-1ac6328a300e
X-TFS-ServiceError: The+user+%27System%3aPublicAccess%3baaaaaaaa-aaaa-aaaa-aaaa-aaaaaaaaaaaa%27+is+not+authorized+to+access+this+resource.
X-VSS-S2STargetService: 0000005A-0000-8888-8000-000000000000/visualstudio.com
X-Cache: CONFIG_NOCACHE
X-MSEdge-Ref: Ref A: 6661468A1DE747CAA7E91503E136FFCF Ref B: OSA30EDGE0515 Ref C: 2021-08-21T16:29:43Z
Date: Sat, 21 Aug 2021 16:29:42 GMT

[2021-08-21 16:29:43Z INFO RSAFileKeyManager] Loading RSA key parameters from file /Users/higa-shigeto/moom/actions-runner/.credentials_rsaparams
[2021-08-21 16:29:44Z INFO GitHubActionsService] AAD Correlation ID for this token request: Unknown
