[2021-08-21 14:27:53Z INFO HostContext] No proxy settings were found based on environmental variables (http_proxy/https_proxy/HTTP_PROXY/HTTPS_PROXY)
[2021-08-21 14:27:53Z INFO HostContext] Well known directory 'Bin': '/Users/higa-shigeto/moom/actions-runner/bin'
[2021-08-21 14:27:53Z INFO HostContext] Well known directory 'Root': '/Users/higa-shigeto/moom/actions-runner'
[2021-08-21 14:27:53Z INFO HostContext] Well known config file 'Credentials': '/Users/higa-shigeto/moom/actions-runner/.credentials'
[2021-08-21 14:27:53Z INFO Listener] Runner is built for OSX (X64) - osx-x64.
[2021-08-21 14:27:53Z INFO Listener] RuntimeInformation: Darwin 19.6.0 Darwin Kernel Version 19.6.0: Tue Jun 22 19:49:55 PDT 2021; root:xnu-6153.141.35~1/RELEASE_X86_64.
[2021-08-21 14:27:53Z INFO Listener] Version: 2.280.3
[2021-08-21 14:27:53Z INFO Listener] Commit: 409920e9f03bd38fe6e58807f069394993ce32e4
[2021-08-21 14:27:53Z INFO Listener] Culture: ja-JP
[2021-08-21 14:27:53Z INFO Listener] UI Culture: ja-JP
[2021-08-21 14:27:53Z INFO HostContext] Well known directory 'Bin': '/Users/higa-shigeto/moom/actions-runner/bin'
[2021-08-21 14:27:53Z INFO HostContext] Well known directory 'Root': '/Users/higa-shigeto/moom/actions-runner'
[2021-08-21 14:27:53Z INFO Listener] Validating directory permissions for: '/Users/higa-shigeto/moom/actions-runner'
[2021-08-21 14:27:53Z INFO CommandLineParser] Parse
[2021-08-21 14:27:53Z INFO CommandLineParser] Parsing 5 args
[2021-08-21 14:27:53Z INFO CommandLineParser] parsing argument
[2021-08-21 14:27:53Z INFO CommandLineParser] HasArgs: False
[2021-08-21 14:27:53Z INFO CommandLineParser] Adding Command: configure
[2021-08-21 14:27:53Z INFO CommandLineParser] parsing argument
[2021-08-21 14:27:53Z INFO CommandLineParser] HasArgs: True
[2021-08-21 14:27:53Z INFO CommandLineParser] arg: url
[2021-08-21 14:27:53Z INFO CommandLineParser] parsing argument
[2021-08-21 14:27:53Z INFO CommandLineParser] HasArgs: True
[2021-08-21 14:27:53Z INFO CommandLineParser] Adding option 'url': 'https://github.com/higa-shigeto/moom'
[2021-08-21 14:27:53Z INFO CommandLineParser] parsing argument
[2021-08-21 14:27:53Z INFO CommandLineParser] HasArgs: True
[2021-08-21 14:27:53Z INFO CommandLineParser] arg: token
[2021-08-21 14:27:53Z INFO CommandLineParser] parsing argument
[2021-08-21 14:27:53Z INFO CommandLineParser] HasArgs: True
[2021-08-21 14:27:53Z INFO CommandLineParser] Adding option 'token': '***'
[2021-08-21 14:27:53Z INFO Listener] Arguments parsed
[2021-08-21 14:27:54Z INFO Runner] ExecuteCommand
[2021-08-21 14:27:54Z INFO ConfigurationStore] currentAssemblyLocation: /Users/higa-shigeto/moom/actions-runner/bin/Runner.Listener.dll
[2021-08-21 14:27:54Z INFO HostContext] Well known directory 'Bin': '/Users/higa-shigeto/moom/actions-runner/bin'
[2021-08-21 14:27:54Z INFO ConfigurationStore] binPath: /Users/higa-shigeto/moom/actions-runner/bin
[2021-08-21 14:27:54Z INFO HostContext] Well known directory 'Bin': '/Users/higa-shigeto/moom/actions-runner/bin'
[2021-08-21 14:27:54Z INFO HostContext] Well known directory 'Root': '/Users/higa-shigeto/moom/actions-runner'
[2021-08-21 14:27:54Z INFO ConfigurationStore] RootFolder: /Users/higa-shigeto/moom/actions-runner
[2021-08-21 14:27:54Z INFO HostContext] Well known directory 'Bin': '/Users/higa-shigeto/moom/actions-runner/bin'
[2021-08-21 14:27:54Z INFO HostContext] Well known directory 'Root': '/Users/higa-shigeto/moom/actions-runner'
[2021-08-21 14:27:54Z INFO HostContext] Well known config file 'Runner': '/Users/higa-shigeto/moom/actions-runner/.runner'
[2021-08-21 14:27:54Z INFO ConfigurationStore] ConfigFilePath: /Users/higa-shigeto/moom/actions-runner/.runner
[2021-08-21 14:27:54Z INFO HostContext] Well known directory 'Bin': '/Users/higa-shigeto/moom/actions-runner/bin'
[2021-08-21 14:27:54Z INFO HostContext] Well known directory 'Root': '/Users/higa-shigeto/moom/actions-runner'
[2021-08-21 14:27:54Z INFO HostContext] Well known config file 'Credentials': '/Users/higa-shigeto/moom/actions-runner/.credentials'
[2021-08-21 14:27:54Z INFO ConfigurationStore] CredFilePath: /Users/higa-shigeto/moom/actions-runner/.credentials
[2021-08-21 14:27:54Z INFO HostContext] Well known directory 'Bin': '/Users/higa-shigeto/moom/actions-runner/bin'
[2021-08-21 14:27:54Z INFO HostContext] Well known directory 'Root': '/Users/higa-shigeto/moom/actions-runner'
[2021-08-21 14:27:54Z INFO HostContext] Well known config file 'MigratedCredentials': '/Users/higa-shigeto/moom/actions-runner/.credentials_migrated'
[2021-08-21 14:27:54Z INFO ConfigurationStore] MigratedCredFilePath: /Users/higa-shigeto/moom/actions-runner/.credentials_migrated
[2021-08-21 14:27:54Z INFO HostContext] Well known directory 'Bin': '/Users/higa-shigeto/moom/actions-runner/bin'
[2021-08-21 14:27:54Z INFO HostContext] Well known directory 'Root': '/Users/higa-shigeto/moom/actions-runner'
[2021-08-21 14:27:54Z INFO HostContext] Well known config file 'Service': '/Users/higa-shigeto/moom/actions-runner/.service'
[2021-08-21 14:27:54Z INFO ConfigurationStore] ServiceConfigFilePath: /Users/higa-shigeto/moom/actions-runner/.service
[2021-08-21 14:27:54Z INFO CommandSettings] Flag 'help': 'False'
[2021-08-21 14:27:54Z INFO CommandSettings] Flag 'version': 'False'
[2021-08-21 14:27:54Z INFO CommandSettings] Flag 'commit': 'False'
[2021-08-21 14:27:54Z INFO CommandSettings] Flag 'check': 'False'
[2021-08-21 14:27:54Z INFO CommandSettings] Command 'configure': 'True'
[2021-08-21 14:27:54Z INFO Terminal] WRITE LINE: 
[2021-08-21 14:27:54Z INFO Terminal] WRITE LINE: --------------------------------------------------------------------------------
[2021-08-21 14:27:54Z INFO Terminal] WRITE LINE: |        ____ _ _   _   _       _          _        _   _                      |
[2021-08-21 14:27:54Z INFO Terminal] WRITE LINE: |       / ___(_) |_| | | |_   _| |__      / \   ___| |_(_) ___  _ __  ___      |
[2021-08-21 14:27:54Z INFO Terminal] WRITE LINE: |      | |  _| | __| |_| | | | | '_ \    / _ \ / __| __| |/ _ \| '_ \/ __|     |
[2021-08-21 14:27:54Z INFO Terminal] WRITE LINE: |      | |_| | | |_|  _  | |_| | |_) |  / ___ \ (__| |_| | (_) | | | \__ \     |
[2021-08-21 14:27:54Z INFO Terminal] WRITE LINE: |       \____|_|\__|_| |_|\__,_|_.__/  /_/   \_\___|\__|_|\___/|_| |_|___/     |
[2021-08-21 14:27:54Z INFO Terminal] WRITE LINE: |                                                                              |
[2021-08-21 14:27:54Z INFO Terminal] WRITE: |                       
[2021-08-21 14:27:54Z INFO Terminal] WRITE: Self-hosted runner registration
[2021-08-21 14:27:54Z INFO Terminal] WRITE LINE:                         |
[2021-08-21 14:27:54Z INFO Terminal] WRITE LINE: |                                                                              |
[2021-08-21 14:27:54Z INFO Terminal] WRITE LINE: --------------------------------------------------------------------------------
[2021-08-21 14:27:54Z INFO ConfigurationManager] ConfigureAsync
[2021-08-21 14:27:54Z INFO ConfigurationStore] IsConfigured()
[2021-08-21 14:27:54Z INFO ConfigurationStore] IsConfigured: False
[2021-08-21 14:27:54Z INFO ConfigurationManager] Is configured: False
[2021-08-21 14:27:54Z INFO CommandSettings] Arg 'url': 'https://github.com/higa-shigeto/moom'
[2021-08-21 14:27:54Z INFO CommandSettings] Remove url from Arg dictionary.
[2021-08-21 14:27:54Z INFO CommandSettings] Arg 'token': '***'
[2021-08-21 14:27:54Z INFO CommandSettings] Remove token from Arg dictionary.
[2021-08-21 14:27:59Z INFO ConfigurationManager] Http response code: OK from 'POST https://api.github.com/actions/runner-registration'
[2021-08-21 14:27:59Z INFO ConfigurationManager] cred retrieved via GitHub auth
[2021-08-21 14:27:59Z INFO RunnerServer] Establish connection with 100 seconds timeout.
[2021-08-21 14:28:00Z INFO GitHubActionsService] Starting operation Location.GetConnectionData
[2021-08-21 14:28:00Z INFO RunnerServer] Establish connection with 60 seconds timeout.
[2021-08-21 14:28:00Z INFO GitHubActionsService] Starting operation Location.GetConnectionData
[2021-08-21 14:28:00Z INFO RunnerServer] Establish connection with 60 seconds timeout.
[2021-08-21 14:28:00Z INFO GitHubActionsService] Starting operation Location.GetConnectionData
[2021-08-21 14:28:03Z INFO GitHubActionsService] Finished operation Location.GetConnectionData
[2021-08-21 14:28:03Z INFO GitHubActionsService] Finished operation Location.GetConnectionData
[2021-08-21 14:28:03Z INFO GitHubActionsService] Finished operation Location.GetConnectionData
[2021-08-21 14:28:04Z INFO Terminal] WRITE LINE: 
[2021-08-21 14:28:04Z INFO ConfigurationManager] Test Connection complete.
[2021-08-21 14:28:04Z INFO HostContext] Well known directory 'Bin': '/Users/higa-shigeto/moom/actions-runner/bin'
[2021-08-21 14:28:04Z INFO HostContext] Well known directory 'Root': '/Users/higa-shigeto/moom/actions-runner'
[2021-08-21 14:28:04Z INFO HostContext] Well known config file 'RSACredentials': '/Users/higa-shigeto/moom/actions-runner/.credentials_rsaparams'
[2021-08-21 14:28:04Z INFO RSAFileKeyManager] Creating new RSA key using 2048-bit key length
[2021-08-21 14:28:05Z INFO RSAFileKeyManager] Successfully saved RSA key parameters to file /Users/higa-shigeto/moom/actions-runner/.credentials_rsaparams
[2021-08-21 14:28:05Z INFO RSAFileKeyManager] Which: 'chmod'
[2021-08-21 14:28:05Z INFO RSAFileKeyManager] Location: '/bin/chmod'
[2021-08-21 14:28:05Z INFO HostContext] Well known directory 'Bin': '/Users/higa-shigeto/moom/actions-runner/bin'
[2021-08-21 14:28:05Z INFO HostContext] Well known directory 'Root': '/Users/higa-shigeto/moom/actions-runner'
[2021-08-21 14:28:06Z INFO ProcessInvokerWrapper] Starting process:
[2021-08-21 14:28:06Z INFO ProcessInvokerWrapper]   File name: '/bin/chmod'
[2021-08-21 14:28:06Z INFO ProcessInvokerWrapper]   Arguments: '600 /Users/higa-shigeto/moom/actions-runner/.credentials_rsaparams'
[2021-08-21 14:28:06Z INFO ProcessInvokerWrapper]   Working directory: '/Users/higa-shigeto/moom/actions-runner'
[2021-08-21 14:28:06Z INFO ProcessInvokerWrapper]   Require exit code zero: 'False'
[2021-08-21 14:28:06Z INFO ProcessInvokerWrapper]   Encoding web name:  ; code page: ''
[2021-08-21 14:28:06Z INFO ProcessInvokerWrapper]   Force kill process on cancellation: 'False'
[2021-08-21 14:28:06Z INFO ProcessInvokerWrapper]   Redirected STDIN: 'False'
[2021-08-21 14:28:06Z INFO ProcessInvokerWrapper]   Persist current code page: 'False'
[2021-08-21 14:28:06Z INFO ProcessInvokerWrapper]   Keep redirected STDIN open: 'False'
[2021-08-21 14:28:06Z INFO ProcessInvokerWrapper]   High priority process: 'False'
[2021-08-21 14:28:06Z INFO ProcessInvokerWrapper] Process started with process id 2490, waiting for process exit.
[2021-08-21 14:28:06Z INFO ProcessInvokerWrapper] STDOUT/STDERR stream read finished.
[2021-08-21 14:28:06Z INFO ProcessInvokerWrapper] STDOUT/STDERR stream read finished.
[2021-08-21 14:28:06Z INFO ProcessInvokerWrapper] Finished process 2490 with exit code 0, and elapsed time 00:00:00.0232566.
[2021-08-21 14:28:06Z INFO RSAFileKeyManager] Successfully set permissions for RSA key parameters file /Users/higa-shigeto/moom/actions-runner/.credentials_rsaparams
[2021-08-21 14:28:06Z INFO CommandSettings] Arg 'runnergroup': ''
[2021-08-21 14:28:06Z INFO CommandSettings] Flag 'unattended': 'False'
[2021-08-21 14:28:06Z INFO PromptManager] ReadValue
[2021-08-21 14:28:06Z INFO Terminal] WRITE: Enter the name of the runner group to add this runner to: 
[2021-08-21 14:28:06Z INFO Terminal] WRITE: [press Enter for Default] 
[2021-08-21 14:28:06Z INFO Terminal] READ LINE
[2021-08-21 14:28:06Z INFO Terminal] Read value: ''
[2021-08-21 14:28:06Z INFO PromptManager] Falling back to the default: 'Default'
[2021-08-21 14:28:06Z INFO Terminal] WRITE LINE: 
[2021-08-21 14:28:06Z INFO ConfigurationManager] Found a self-hosted runner group with id 1 and name Default
[2021-08-21 14:28:06Z INFO CommandSettings] Arg 'name': ''
[2021-08-21 14:28:06Z INFO CommandSettings] Flag 'unattended': 'False'
[2021-08-21 14:28:06Z INFO PromptManager] ReadValue
[2021-08-21 14:28:06Z INFO Terminal] WRITE: Enter the name of runner: 
[2021-08-21 14:28:06Z INFO Terminal] WRITE: [press Enter for hikamoritonoMBP] 
[2021-08-21 14:28:06Z INFO Terminal] READ LINE
[2021-08-21 14:28:11Z INFO Terminal] Read value: './run.sh'
[2021-08-21 14:28:11Z INFO Terminal] WRITE LINE: 
[2021-08-21 14:28:11Z INFO CommandSettings] Arg 'labels': ''
[2021-08-21 14:28:11Z INFO CommandSettings] Flag 'unattended': 'False'
[2021-08-21 14:28:11Z INFO PromptManager] ReadValue
[2021-08-21 14:28:11Z INFO Terminal] WRITE: This runner will have the following labels: 'self-hosted', 'macOS', 'X64' 
Enter any additional labels (ex. label-1,label-2): 
[2021-08-21 14:28:11Z INFO Terminal] WRITE: [press Enter to skip] 
[2021-08-21 14:28:11Z INFO Terminal] READ LINE
[2021-08-21 14:28:38Z INFO Terminal] Read value: ''
[2021-08-21 14:28:38Z INFO Terminal] WRITE LINE: 
[2021-08-21 14:29:32Z ERR  GitHubActionsService] GET request to https://pipelines.actions.githubusercontent.com/VUCSfsm6CpPOETvyGGetgliBHq3ojOk48dXujbqI8noT8MhRM2/_apis/distributedtask/pools/1/agents?agentName=.%2Frun.sh&includeCapabilities=False failed. System.Net.Http.HttpRequestException: nodename nor servname provided, or not known
 ---> System.Net.Sockets.SocketException (0xFFFDFFFF): nodename nor servname provided, or not known
   at System.Net.Http.ConnectHelper.ConnectAsync(String host, Int32 port, CancellationToken cancellationToken)
   --- End of inner exception stack trace ---
   at System.Net.Http.ConnectHelper.ConnectAsync(String host, Int32 port, CancellationToken cancellationToken)
   at System.Net.Http.HttpConnectionPool.ConnectAsync(HttpRequestMessage request, Boolean allowHttp2, CancellationToken cancellationToken)
   at System.Net.Http.HttpConnectionPool.CreateHttp11ConnectionAsync(HttpRequestMessage request, CancellationToken cancellationToken)
   at System.Net.Http.HttpConnectionPool.GetHttpConnectionAsync(HttpRequestMessage request, CancellationToken cancellationToken)
   at System.Net.Http.HttpConnectionPool.SendWithRetryAsync(HttpRequestMessage request, Boolean doRequestAuth, CancellationToken cancellationToken)
   at System.Net.Http.AuthenticationHelper.SendWithAuthAsync(HttpRequestMessage request, Uri authUri, ICredentials credentials, Boolean preAuthenticate, Boolean isProxyAuth, Boolean doRequestAuth, HttpConnectionPool pool, CancellationToken cancellationToken)
   at System.Net.Http.DecompressionHandler.SendAsync(HttpRequestMessage request, CancellationToken cancellationToken)
   at GitHub.Services.Common.VssHttpMessageHandler.SendAsync(HttpRequestMessage request, CancellationToken cancellationToken)
   at GitHub.Services.Common.VssHttpRetryMessageHandler.SendAsync(HttpRequestMessage request, CancellationToken cancellationToken)
[2021-08-21 14:29:32Z ERR  Runner] System.Net.Http.HttpRequestException: nodename nor servname provided, or not known
 ---> System.Net.Sockets.SocketException (0xFFFDFFFF): nodename nor servname provided, or not known
   at System.Net.Http.ConnectHelper.ConnectAsync(String host, Int32 port, CancellationToken cancellationToken)
   --- End of inner exception stack trace ---
   at GitHub.Services.Common.VssHttpRetryMessageHandler.SendAsync(HttpRequestMessage request, CancellationToken cancellationToken)
   at System.Net.Http.HttpClient.FinishSendAsyncBuffered(Task`1 sendTask, HttpRequestMessage request, CancellationTokenSource cts, Boolean disposeCts)
   at GitHub.Services.WebApi.VssHttpClientBase.SendAsync(HttpRequestMessage message, HttpCompletionOption completionOption, Object userState, CancellationToken cancellationToken)
   at GitHub.Services.WebApi.VssHttpClientBase.SendAsync[T](HttpRequestMessage message, Object userState, CancellationToken cancellationToken)
   at GitHub.Services.WebApi.VssHttpClientBase.SendAsync[T](HttpMethod method, IEnumerable`1 additionalHeaders, Guid locationId, Object routeValues, ApiResourceVersion version, HttpContent content, IEnumerable`1 queryParameters, Object userState, CancellationToken cancellationToken)
   at GitHub.Runner.Listener.Configuration.ConfigurationManager.ConfigureAsync(CommandSettings command)
   at GitHub.Runner.Listener.Runner.ExecuteCommand(CommandSettings command)
[2021-08-21 14:29:32Z ERR  Runner] #####################################################
[2021-08-21 14:29:32Z ERR  Runner] System.Net.Sockets.SocketException (0xFFFDFFFF): nodename nor servname provided, or not known
   at System.Net.Http.ConnectHelper.ConnectAsync(String host, Int32 port, CancellationToken cancellationToken)
[2021-08-21 14:29:32Z ERR  Terminal] WRITE ERROR: nodename nor servname provided, or not known
[2021-08-21 14:29:32Z INFO Listener] Runner execution has finished with return code 1
